Classic Timing Analyzer report for SEGMENT7
Mon Apr 21 10:49:14 2025
Quartus II Version 9.0 Build 235 06/17/2009 Service Pack 2 SJ Web Edition


---------------------
; Table of Contents ;
---------------------
  1. Legal Notice
  2. Timing Analyzer Summary
  3. Timing Analyzer Settings
  4. Parallel Compilation
  5. tpd
  6. Timing Analyzer Messages



----------------
; Legal Notice ;
----------------
Copyright (C) 1991-2009 Altera Corporation
Your use of Altera Corporation's design tools, logic functions 
and other software and tools, and its AMPP partner logic 
functions, and any output files from any of the foregoing 
(including device programming or simulation files), and any 
associated documentation or information are expressly subject 
to the terms and conditions of the Altera Program License 
Subscription Agreement, Altera MegaCore Function License 
Agreement, or other applicable license agreement, including, 
without limitation, that your use is for the sole purpose of 
programming logic devices manufactured by Altera and sold by 
Altera or its authorized distributors.  Please refer to the 
applicable agreement for further details.



+---------------------------------------------------------------------------------------------------------------------------+
; Timing Analyzer Summary                                                                                                   ;
+------------------------------+-------+---------------+-------------+------+--------+------------+----------+--------------+
; Type                         ; Slack ; Required Time ; Actual Time ; From ; To     ; From Clock ; To Clock ; Failed Paths ;
+------------------------------+-------+---------------+-------------+------+--------+------------+----------+--------------+
; Worst-case tpd               ; N/A   ; None          ; 17.769 ns   ; i[2] ; seg[4] ; --         ; --       ; 0            ;
; Total number of failed paths ;       ;               ;             ;      ;        ;            ;          ; 0            ;
+------------------------------+-------+---------------+-------------+------+--------+------------+----------+--------------+


+--------------------------------------------------------------------------------------------------------------------+
; Timing Analyzer Settings                                                                                           ;
+---------------------------------------------------------------------+--------------------+------+----+-------------+
; Option                                                              ; Setting            ; From ; To ; Entity Name ;
+---------------------------------------------------------------------+--------------------+------+----+-------------+
; Device Name                                                         ; EP1C12Q240C8       ;      ;    ;             ;
; Timing Models                                                       ; Final              ;      ;    ;             ;
; Default hold multicycle                                             ; Same as Multicycle ;      ;    ;             ;
; Cut paths between unrelated clock domains                           ; On                 ;      ;    ;             ;
; Cut off read during write signal paths                              ; On                 ;      ;    ;             ;
; Cut off feedback from I/O pins                                      ; On                 ;      ;    ;             ;
; Report Combined Fast/Slow Timing                                    ; Off                ;      ;    ;             ;
; Ignore Clock Settings                                               ; Off                ;      ;    ;             ;
; Analyze latches as synchronous elements                             ; On                 ;      ;    ;             ;
; Enable Recovery/Removal analysis                                    ; Off                ;      ;    ;             ;
; Enable Clock Latency                                                ; Off                ;      ;    ;             ;
; Use TimeQuest Timing Analyzer                                       ; Off                ;      ;    ;             ;
; Minimum Core Junction Temperature                                   ; 0                  ;      ;    ;             ;
; Maximum Core Junction Temperature                                   ; 85                 ;      ;    ;             ;
; Number of source nodes to report per destination node               ; 10                 ;      ;    ;             ;
; Number of destination nodes to report                               ; 10                 ;      ;    ;             ;
; Number of paths to report                                           ; 200                ;      ;    ;             ;
; Report Minimum Timing Checks                                        ; Off                ;      ;    ;             ;
; Use Fast Timing Models                                              ; Off                ;      ;    ;             ;
; Report IO Paths Separately                                          ; Off                ;      ;    ;             ;
; Perform Multicorner Analysis                                        ; Off                ;      ;    ;             ;
; Reports the worst-case path for each clock domain and analysis      ; Off                ;      ;    ;             ;
; Removes common clock path pessimism (CCPP) during slack computation ; Off                ;      ;    ;             ;
; Output I/O Timing Endpoint                                          ; Near End           ;      ;    ;             ;
+---------------------------------------------------------------------+--------------------+------+----+-------------+


Parallel compilation was disabled, but you have multiple processors available. Enable parallel compilation to reduce compilation time.
+-------------------------------------+
; Parallel Compilation                ;
+----------------------------+--------+
; Processors                 ; Number ;
+----------------------------+--------+
; Number detected on machine ; 12     ;
; Maximum allowed            ; 1      ;
+----------------------------+--------+


+-------------------------------------------------------------+
; tpd                                                         ;
+-------+-------------------+-----------------+------+--------+
; Slack ; Required P2P Time ; Actual P2P Time ; From ; To     ;
+-------+-------------------+-----------------+------+--------+
; N/A   ; None              ; 17.769 ns       ; i[2] ; seg[4] ;
; N/A   ; None              ; 17.231 ns       ; i[3] ; seg[4] ;
; N/A   ; None              ; 16.449 ns       ; i[2] ; seg[0] ;
; N/A   ; None              ; 16.436 ns       ; i[2] ; seg[5] ;
; N/A   ; None              ; 15.915 ns       ; i[3] ; seg[0] ;
; N/A   ; None              ; 15.905 ns       ; i[3] ; seg[5] ;
; N/A   ; None              ; 14.474 ns       ; i[0] ; seg[4] ;
; N/A   ; None              ; 14.473 ns       ; i[2] ; seg[2] ;
; N/A   ; None              ; 14.163 ns       ; i[1] ; seg[4] ;
; N/A   ; None              ; 14.024 ns       ; i[2] ; seg[3] ;
; N/A   ; None              ; 13.945 ns       ; i[3] ; seg[2] ;
; N/A   ; None              ; 13.709 ns       ; i[2] ; seg[1] ;
; N/A   ; None              ; 13.699 ns       ; i[2] ; seg[6] ;
; N/A   ; None              ; 13.491 ns       ; i[3] ; seg[3] ;
; N/A   ; None              ; 13.178 ns       ; i[3] ; seg[1] ;
; N/A   ; None              ; 13.162 ns       ; i[3] ; seg[6] ;
; N/A   ; None              ; 13.158 ns       ; i[0] ; seg[0] ;
; N/A   ; None              ; 13.148 ns       ; i[0] ; seg[5] ;
; N/A   ; None              ; 12.844 ns       ; i[1] ; seg[0] ;
; N/A   ; None              ; 12.829 ns       ; i[1] ; seg[5] ;
; N/A   ; None              ; 11.177 ns       ; i[0] ; seg[2] ;
; N/A   ; None              ; 10.877 ns       ; i[1] ; seg[2] ;
; N/A   ; None              ; 10.734 ns       ; i[0] ; seg[3] ;
; N/A   ; None              ; 10.421 ns       ; i[0] ; seg[1] ;
; N/A   ; None              ; 10.412 ns       ; i[1] ; seg[3] ;
; N/A   ; None              ; 10.402 ns       ; i[0] ; seg[6] ;
; N/A   ; None              ; 10.098 ns       ; i[1] ; seg[1] ;
; N/A   ; None              ; 10.095 ns       ; i[1] ; seg[6] ;
+-------+-------------------+-----------------+------+--------+


+--------------------------+
; Timing Analyzer Messages ;
+--------------------------+
Info: *******************************************************************
Info: Running Quartus II Classic Timing Analyzer
    Info: Version 9.0 Build 235 06/17/2009 Service Pack 2 SJ Web Edition
    Info: Processing started: Mon Apr 21 10:49:14 2025
Info: Command: quartus_tan --read_settings_files=off --write_settings_files=off SEGMENT7 -c SEGMENT7 --timing_analysis_only
Info: Longest tpd from source pin "i[2]" to destination pin "seg[4]" is 17.769 ns
    Info: 1: + IC(0.000 ns) + CELL(1.469 ns) = 1.469 ns; Loc. = PIN_180; Fanout = 7; PIN Node = 'i[2]'
    Info: 2: + IC(8.592 ns) + CELL(0.292 ns) = 10.353 ns; Loc. = LC_X9_Y26_N9; Fanout = 1; COMB Node = 'seg~121'
    Info: 3: + IC(5.292 ns) + CELL(2.124 ns) = 17.769 ns; Loc. = PIN_173; Fanout = 0; PIN Node = 'seg[4]'
    Info: Total cell delay = 3.885 ns ( 21.86 % )
    Info: Total interconnect delay = 13.884 ns ( 78.14 % )
Info: Quartus II Classic Timing Analyzer was successful. 0 errors, 0 warnings
    Info: Peak virtual memory: 193 megabytes
    Info: Processing ended: Mon Apr 21 10:49:14 2025
    Info: Elapsed time: 00:00:00
    Info: Total CPU time (on all processors): 00:00:00


